<?xml version="1.0" encoding="UTF-8"?>
<!-- Generated by org.testng.reporters.JUnitReportReporter -->
<testsuite hostname="LAPTOP-I5P1U9F6" failures="0" tests="1" name="TestNGExamples.Wb_TestNG" time="5.843" errors="0" timestamp="2 Aug 2023 12:27:53 GMT">
  <testcase classname="TestNGExamples.Wb_TestNG" name="tc001" time="5.843"/>
</testsuite> <!-- TestNGExamples.Wb_TestNG -->
