<?xml version="1.0" encoding="UTF-8"?>
<!-- Generated by org.testng.reporters.JUnitReportReporter -->
<testsuite hostname="LAPTOP-I5P1U9F6" failures="0" tests="2" name="TestNGExamples.TestNGEx" time="0.007" errors="0" timestamp="2 Aug 2023 12:28:07 GMT">
  <testcase classname="TestNGExamples.TestNGEx" name="delEmp" time="0.002"/>
  <testcase classname="TestNGExamples.TestNGEx" name="addEmp" time="0.005"/>
</testsuite> <!-- TestNGExamples.TestNGEx -->
