<?xml version="1.0" encoding="UTF-8"?>
<!-- Generated by org.testng.reporters.JUnitReportReporter -->
<testsuite hostname="LAPTOP-I5P1U9F6" failures="0" tests="1" name="com.hrms.testscripts.TC002_AddEmp" time="8.183" errors="0" timestamp="3 Aug 2023 05:04:29 GMT">
  <testcase classname="com.hrms.testscripts.TC002_AddEmp" name="tc002" time="8.183"/>
</testsuite> <!-- com.hrms.testscripts.TC002_AddEmp -->
