<?xml version="1.0" encoding="UTF-8"?>
<!-- Generated by org.testng.reporters.JUnitReportReporter -->
<testsuite hostname="LAPTOP-I5P1U9F6" failures="0" tests="1" name="TestNGExamples.Excel_Wb_NG" time="14.380" errors="0" timestamp="2 Aug 2023 12:27:13 GMT">
  <testcase classname="TestNGExamples.Excel_Wb_NG" name="tc001" time="14.380"/>
</testsuite> <!-- TestNGExamples.Excel_Wb_NG -->
